<?xml version="1.0" encoding="UTF-8"?>
<!-- Generated by org.testng.reporters.JUnitXMLReporter -->
<testsuite ignored="0" hostname="DESKTOP-1LU8MBC" failures="0" tests="5" name="Default test" time="0.049" errors="0" timestamp="2021-11-10T15:22:52 IST">
  <testcase classname="com.Utility.Bill.Re_Usable.Sauce_Instance_Login_Test" name="@BeforeClass Login" time="-1.63653797236E9">
    <failure type="org.testng.TestNGException" message="
Parameter &amp;apos;userId&amp;apos; is required by BeforeClass on method Login but has not been marked @Optional or defined
in C:\Windows\Temp\testng-eclipse--1150407232\testng-customsuite.xml">
      <![CDATA[org.testng.TestNGException: 
Parameter 'userId' is required by BeforeClass on method Login but has not been marked @Optional or defined
in C:\Windows\Temp\testng-eclipse--1150407232\testng-customsuite.xml
at org.testng.internal.Parameters.createParams(Parameters.java:272)
at org.testng.internal.Parameters.createParametersForMethod(Parameters.java:360)
at org.testng.internal.Parameters.createParameters(Parameters.java:704)
at org.testng.internal.Parameters.createConfigurationParameters(Parameters.java:166)
at org.testng.internal.ConfigInvoker.invokeConfigurations(ConfigInvoker.java:283)
at org.testng.internal.TestMethodWorker.invokeBeforeClassMethods(TestMethodWorker.java:176)
at org.testng.internal.TestMethodWorker.run(TestMethodWorker.java:122)
at java.base/java.util.ArrayList.forEach(ArrayList.java:1511)
at org.testng.TestRunner.privateRun(TestRunner.java:766)
at org.testng.TestRunner.run(TestRunner.java:587)
at org.testng.SuiteRunner.runTest(SuiteRunner.java:384)
at org.testng.SuiteRunner.runSequentially(SuiteRunner.java:378)
at org.testng.SuiteRunner.privateRun(SuiteRunner.java:337)
at org.testng.SuiteRunner.run(SuiteRunner.java:286)
at org.testng.SuiteRunnerWorker.runSuite(SuiteRunnerWorker.java:53)
at org.testng.SuiteRunnerWorker.run(SuiteRunnerWorker.java:96)
at org.testng.TestNG.runSuitesSequentially(TestNG.java:1187)
at org.testng.TestNG.runSuitesLocally(TestNG.java:1109)
at org.testng.TestNG.runSuites(TestNG.java:1039)
at org.testng.TestNG.run(TestNG.java:1007)
at org.testng.remote.AbstractRemoteTestNG.run(AbstractRemoteTestNG.java:115)
at org.testng.remote.RemoteTestNG.initAndRun(RemoteTestNG.java:251)
at org.testng.remote.RemoteTestNG.main(RemoteTestNG.java:77)
]]>
    </failure>
  </testcase> <!-- @BeforeClass Login -->
  <testcase classname="com.Utility.Bill.Re_Usable.Sauce_Instance_Login_Test" name="@AfterClass logout" time="-1.636537972395E9">
    <skipped/>
  </testcase> <!-- @AfterClass logout -->
  <testcase classname="com.Utility.Bill.BillRunFirst.other_Admin" name="customer_add" time="0.0">
    <skipped/>
  </testcase> <!-- customer_add -->
  <testcase classname="com.Utility.Bill.BillRunFirst.other_Admin" name="payment_batch" time="0.0">
    <skipped/>
  </testcase> <!-- payment_batch -->
  <testcase classname="com.Utility.Bill.BillRunFirst.other_Admin" name="Penalty_section" time="0.0">
    <skipped/>
  </testcase> <!-- Penalty_section -->
  <testcase classname="com.Utility.Bill.BillRunFirst.other_Admin" name="Late_Fee_Settings" time="0.0">
    <skipped/>
  </testcase> <!-- Late_Fee_Settings -->
  <testcase classname="com.Utility.Bill.BillRunFirst.other_Admin" name="Customer_Portal_Setting" time="0.0">
    <skipped/>
  </testcase> <!-- Customer_Portal_Setting -->
</testsuite> <!-- Default test -->
