<?xml version="1.0" encoding="UTF-8"?>
<!-- Generated by org.testng.reporters.JUnitXMLReporter -->
<testsuite ignored="0" hostname="DESKTOP-1LU8MBC" failures="3" tests="5" name="Test" time="188.983" errors="0" timestamp="2021-12-08T17:39:20 IST">
  <testcase classname="com.Utility.Bill.BillRunFirst.ElectAccountCreation_test" name="signUpForm" time="0.004">
    <skipped/>
  </testcase> <!-- signUpForm -->
  <testcase classname="com.Utility.Bill.BillRunFirst.ElectAccountCreation_test" name="login" time="1.18"/>
  <testcase classname="com.Utility.Bill.BillRunFirst.ElectAccountCreation_test" name="changePassword" time="60.372">
    <failure type="java.lang.NullPointerException" message="Cannot invoke &amp;quot;org.openqa.selenium.WebElement.click()&amp;quot; because the return value of &amp;quot;com.Utility.Bill.Re_Usable.Repo_Test.admin_mainMenu()&amp;quot; is null">
      <![CDATA[java.lang.NullPointerException: Cannot invoke "org.openqa.selenium.WebElement.click()" because the return value of "com.Utility.Bill.Re_Usable.Repo_Test.admin_mainMenu()" is null
at com.Utility.Bill.BillRunFirst.ElectAccountCreation_test.changePassword(ElectAccountCreation_test.java:178)
at java.base/java.util.ArrayList.forEach(ArrayList.java:1511)
... Removed 27 stack frames]]>
    </failure>
  </testcase> <!-- changePassword -->
  <testcase classname="com.Utility.Bill.BillRunFirst.ElectAccountCreation_test" name="editGroup" time="60.235">
    <failure type="java.lang.NullPointerException" message="Cannot invoke &amp;quot;org.openqa.selenium.WebElement.click()&amp;quot; because the return value of &amp;quot;com.Utility.Bill.Re_Usable.Repo_Test.admin_mainMenu()&amp;quot; is null">
      <![CDATA[java.lang.NullPointerException: Cannot invoke "org.openqa.selenium.WebElement.click()" because the return value of "com.Utility.Bill.Re_Usable.Repo_Test.admin_mainMenu()" is null
at com.Utility.Bill.BillRunFirst.ElectAccountCreation_test.editGroup(ElectAccountCreation_test.java:204)
at java.base/java.util.ArrayList.forEach(ArrayList.java:1511)
... Removed 27 stack frames]]>
    </failure>
  </testcase> <!-- editGroup -->
  <testcase classname="com.Utility.Bill.BillRunFirst.ElectAccountCreation_test" name="locale_settings" time="60.167">
    <failure type="java.lang.NullPointerException" message="Cannot invoke &amp;quot;org.openqa.selenium.WebElement.click()&amp;quot; because the return value of &amp;quot;com.Utility.Bill.Re_Usable.Repo_Test.admin_mainMenu()&amp;quot; is null">
      <![CDATA[java.lang.NullPointerException: Cannot invoke "org.openqa.selenium.WebElement.click()" because the return value of "com.Utility.Bill.Re_Usable.Repo_Test.admin_mainMenu()" is null
at com.Utility.Bill.BillRunFirst.ElectAccountCreation_test.locale_settings(ElectAccountCreation_test.java:445)
at java.base/java.util.ArrayList.forEach(ArrayList.java:1511)
... Removed 27 stack frames]]>
    </failure>
  </testcase> <!-- locale_settings -->
</testsuite> <!-- Test -->
