<?xml version="1.0" encoding="UTF-8"?>
<!-- Generated by org.testng.reporters.JUnitReportReporter -->
<testsuite hostname="DESKTOP-1LU8MBC" failures="0" tests="10" name="com.Utility.Bill.BillRunFirst.ElectPlanMangement" time="324.986" errors="1" timestamp="2021-11-10T18:36:45 IST" skipped="0">
  <testcase classname="com.Utility.Bill.BillRunFirst.ElectPlanMangement" name="clickPlans" time="38.437"/>
  <system-out/>
  <testcase classname="com.Utility.Bill.BillRunFirst.ElectPlanMangement" name="addTarifPlans" time="24.333"/>
  <system-out/>
  <testcase classname="com.Utility.Bill.BillRunFirst.ElectPlanMangement" name="addTarifMonthly" time="15.540"/>
  <system-out/>
  <testcase classname="com.Utility.Bill.BillRunFirst.ElectPlanMangement" name="addTarifConnectionFee" time="28.215"/>
  <system-out/>
  <testcase classname="com.Utility.Bill.BillRunFirst.ElectPlanMangement" name="addCommericalPlan" time="24.547"/>
  <system-out/>
  <testcase classname="com.Utility.Bill.BillRunFirst.ElectPlanMangement" name="addMontlyPlan" time="21.788"/>
  <system-out/>
  <testcase classname="com.Utility.Bill.BillRunFirst.ElectPlanMangement" name="addConnectionPlan" time="23.220"/>
  <system-out/>
  <testcase classname="com.Utility.Bill.BillRunFirst.ElectPlanMangement" name="editRatePlan_WithAllocaionBucket" time="29.017"/>
  <system-out/>
  <testcase classname="com.Utility.Bill.BillRunFirst.ElectPlanMangement" name="Add_AllocationBucket_inPlansTariff" time="37.870"/>
  <system-out/>
  <testcase classname="com.Utility.Bill.BillRunFirst.ElectPlanMangement" name="autogenrate_Four_plans" time="82.019">
    <error message="Cannot invoke &quot;org.openqa.selenium.WebElement.getText()&quot; because the return value of &quot;com.Utility.Bill.Re_Usable.Repo_Test.peak_ofpeak_Elec1()&quot; is null" type="java.lang.NullPointerException">
      <![CDATA[java.lang.NullPointerException: Cannot invoke "org.openqa.selenium.WebElement.getText()" because the return value of "com.Utility.Bill.Re_Usable.Repo_Test.peak_ofpeak_Elec1()" is null
at com.Utility.Bill.Re_Usable.Assertion_Test.peak_ofpeak_Elec1(Assertion_Test.java:1513)
at com.Utility.Bill.BillRunFirst.ElectPlanMangement.autogenrate_Four_plans(ElectPlanMangement.java:488)
at java.base/jdk.internal.reflect.NativeMethodAccessorImpl.invoke0(Native Method)
at java.base/jdk.internal.reflect.NativeMethodAccessorImpl.invoke(NativeMethodAccessorImpl.java:77)
at java.base/jdk.internal.reflect.DelegatingMethodAccessorImpl.invoke(DelegatingMethodAccessorImpl.java:43)
at java.base/java.lang.reflect.Method.invoke(Method.java:568)
at org.testng.internal.MethodInvocationHelper.invokeMethod(MethodInvocationHelper.java:134)
at org.testng.internal.TestInvoker.invokeMethod(TestInvoker.java:597)
at org.testng.internal.TestInvoker.invokeTestMethod(TestInvoker.java:173)
at org.testng.internal.MethodRunner.runInSequence(MethodRunner.java:46)
at org.testng.internal.TestInvoker$MethodInvocationAgent.invoke(TestInvoker.java:816)
at org.testng.internal.TestInvoker.invokeTestMethods(TestInvoker.java:146)
at org.testng.internal.TestMethodWorker.invokeTestMethods(TestMethodWorker.java:146)
at org.testng.internal.TestMethodWorker.run(TestMethodWorker.java:128)
at java.base/java.util.ArrayList.forEach(ArrayList.java:1511)
at org.testng.TestRunner.privateRun(TestRunner.java:766)
at org.testng.TestRunner.run(TestRunner.java:587)
at org.testng.SuiteRunner.runTest(SuiteRunner.java:384)
at org.testng.SuiteRunner.runSequentially(SuiteRunner.java:378)
at org.testng.SuiteRunner.privateRun(SuiteRunner.java:337)
at org.testng.SuiteRunner.run(SuiteRunner.java:286)
at org.testng.SuiteRunnerWorker.runSuite(SuiteRunnerWorker.java:53)
at org.testng.SuiteRunnerWorker.run(SuiteRunnerWorker.java:96)
at org.testng.TestNG.runSuitesSequentially(TestNG.java:1187)
at org.testng.TestNG.runSuitesLocally(TestNG.java:1109)
at org.testng.TestNG.runSuites(TestNG.java:1039)
at org.testng.TestNG.run(TestNG.java:1007)
at org.testng.remote.AbstractRemoteTestNG.run(AbstractRemoteTestNG.java:115)
at org.testng.remote.RemoteTestNG.initAndRun(RemoteTestNG.java:251)
at org.testng.remote.RemoteTestNG.main(RemoteTestNG.java:77)
]]>
    </error>
  </testcase> <!-- autogenrate_Four_plans -->
  <system-out>
Atugenerated peak, offpeak,shoulder Plan  not displayed-----Expected condition failed: waiting for element to be clickable: By.xpath: .//*[contains(text(),'Electricity Peak/Off Peak/Shoulder Template Plan')] (tried for 60 second(s) with 500 milliseconds interval)
Build info: version: '4.0.0', revision: '3a21814679'
System info: host: 'DESKTOP-1LU8MBC', ip: '192.168.1.16', os.name: 'Windows 10', os.arch: 'amd64', os.version: '10.0', java.version: '17.0.1'
Driver info: org.openqa.selenium.chrome.ChromeDriver
Capabilities {acceptInsecureCerts: false, browserName: chrome, browserVersion: 95.0.4638.69, chrome: {chromedriverVersion: 95.0.4638.69 (6a1600ed572fe..., userDataDir: C:\WINDOWS\TEMP\scoped_dir2...}, goog:chromeOptions: {debuggerAddress: localhost:57382}, javascriptEnabled: true, networkConnectionEnabled: false, pageLoadStrategy: normal, platform: WINDOWS, platformName: WINDOWS, proxy: Proxy(), se:cdp: ws://localhost:57382/devtoo..., se:cdpVersion: 95.0.4638.69, setWindowRect: true, strictFileInteractability: false, timeouts: {implicit: 0, pageLoad: 300000, script: 30000}, unhandledPromptBehavior: dismiss and notify, webauthn:extension:credBlob: true, webauthn:extension:largeBlob: true, webauthn:virtualAuthenticators: true}
Session ID: f20d6228b4c18d74db6052cf53ee1720  </system-out>
</testsuite> <!-- com.Utility.Bill.BillRunFirst.ElectPlanMangement -->
